2020.01.10 10:14:20 INFO  web[][o.s.p.ProcessEntryPoint] Starting web
2020.01.10 10:14:21 INFO  web[][o.a.t.u.n.NioSelectorPool] Using a shared selector for servlet write/read
2020.01.10 10:14:23 INFO  web[][o.e.p.PluginsService] no modules loaded
2020.01.10 10:14:23 INFO  web[][o.e.p.PluginsService] loaded plugin [org.elasticsearch.join.ParentJoinPlugin]
2020.01.10 10:14:23 INFO  web[][o.e.p.PluginsService] loaded plugin [org.elasticsearch.percolator.PercolatorPlugin]
2020.01.10 10:14:23 INFO  web[][o.e.p.PluginsService] loaded plugin [org.elasticsearch.transport.Netty4Plugin]
2020.01.10 10:14:25 INFO  web[][o.s.s.e.EsClientProvider] Connected to local Elasticsearch: [127.0.0.1:9001]
2020.01.10 10:14:25 INFO  web[][o.s.s.p.LogServerVersion] SonarQube Server / 7.9.1.27448 / e0c45c97bb2e45d52629f3422ac91718020f6db9
2020.01.10 10:14:27 INFO  web[][o.s.s.p.d.EmbeddedDatabase] Starting embedded database on port 9092 with url jdbc:h2:tcp://127.0.0.1:9092/sonar
2020.01.10 10:14:27 INFO  web[][o.s.s.p.d.EmbeddedDatabase] Embedded database started. Data stored in: /opt/sonarqube/data
2020.01.10 10:14:27 INFO  web[][o.sonar.db.Database] Create JDBC data source for jdbc:h2:tcp://127.0.0.1:9092/sonar
2020.01.10 10:14:28 WARN  web[][o.s.db.dialect.H2] H2 database should be used for evaluation purpose only.
2020.01.10 10:14:30 INFO  web[][o.s.s.p.ServerFileSystemImpl] SonarQube home: /opt/sonarqube
2020.01.10 10:14:30 INFO  web[][o.s.s.u.SystemPasscodeImpl] System authentication by passcode is disabled
2020.01.10 10:14:30 INFO  web[][o.s.s.p.ServerPluginRepository] Deploy plugin Git / 1.8.0.1574 / aec3dc8f5228aabd218e1cd31ac6e6515a43715d
2020.01.10 10:14:30 INFO  web[][o.s.s.p.ServerPluginRepository] Deploy plugin GitHub Authentication for SonarQube / 1.5.0.870 / 153f7c7af7a264adb0fcbe5fee87bdd140a6a3a1
2020.01.10 10:14:30 INFO  web[][o.s.s.p.ServerPluginRepository] Deploy plugin JaCoCo / 1.0.2.475 / b79a4724f3a9af1051266b4f8ca0460977295ead
2020.01.10 10:14:30 INFO  web[][o.s.s.p.ServerPluginRepository] Deploy plugin LDAP / 2.2.0.608 / 79dc3fa4393a29667673c70182f3016288b548b7
2020.01.10 10:14:30 INFO  web[][o.s.s.p.ServerPluginRepository] Deploy plugin SAML 2.0 Authentication for SonarQube / 1.1.0.181 / 16fcb5be2d3bcfee8920b29cd758d8b957a18acb
2020.01.10 10:14:30 INFO  web[][o.s.s.p.ServerPluginRepository] Deploy plugin SonarC# / 7.15.0.8572 / e0ad49e38a28a8fc333ba746fc998e48678f6a8b
2020.01.10 10:14:30 INFO  web[][o.s.s.p.ServerPluginRepository] Deploy plugin SonarCSS / 1.1.1.1010 / 365e21fd0cb9035669fc59f6fec7c8fd28a7303b
2020.01.10 10:14:30 INFO  web[][o.s.s.p.ServerPluginRepository] Deploy plugin SonarFlex / 2.5.1.1831 / a0c44437f6abb0feec76edd073f91fec64db2a6c
2020.01.10 10:14:30 INFO  web[][o.s.s.p.ServerPluginRepository] Deploy plugin SonarGo / 1.1.1.2000 / 40d55921c7a63b67386a053490d17b6723a46cd5
2020.01.10 10:14:30 INFO  web[][o.s.s.p.ServerPluginRepository] Deploy plugin SonarHTML / 3.1.0.1615 / 4181edb5eff5605bec82dc0aa15ecd70eaa5857f
2020.01.10 10:14:30 INFO  web[][o.s.s.p.ServerPluginRepository] Deploy plugin SonarJS / 5.2.1.7778 / 49f34eaeaad59868d4353d89b1fc5c02bbe51976
2020.01.10 10:14:30 INFO  web[][o.s.s.p.ServerPluginRepository] Deploy plugin SonarJava / 5.13.1.18282 / 568f8ed2349f48e250a9329895b9a870100dfbeb
2020.01.10 10:14:30 INFO  web[][o.s.s.p.ServerPluginRepository] Deploy plugin SonarKotlin / 1.5.0.315 / 4ff3a145a58f3f84f1b39846a205a129d742e993
2020.01.10 10:14:30 INFO  web[][o.s.s.p.ServerPluginRepository] Deploy plugin SonarPHP / 3.2.0.4868 / ec66bd5f8490677eb0ebae82aa17c2a5d9c0e5e7
2020.01.10 10:14:30 INFO  web[][o.s.s.p.ServerPluginRepository] Deploy plugin SonarPython / 1.14.1.3143 / eed7b315b6116fe462a19c771013bf3891c92a97
2020.01.10 10:14:30 INFO  web[][o.s.s.p.ServerPluginRepository] Deploy plugin SonarRuby / 1.5.0.315 / 4ff3a145a58f3f84f1b39846a205a129d742e993
2020.01.10 10:14:30 INFO  web[][o.s.s.p.ServerPluginRepository] Deploy plugin SonarScala / 1.5.0.315 / 4ff3a145a58f3f84f1b39846a205a129d742e993
2020.01.10 10:14:30 INFO  web[][o.s.s.p.ServerPluginRepository] Deploy plugin SonarTS / 1.9.0.3766 / 4a4080b78001a78d758d1d0fa0190fb9496b6f57
2020.01.10 10:14:30 INFO  web[][o.s.s.p.ServerPluginRepository] Deploy plugin SonarVB / 7.15.0.8572 / e0ad49e38a28a8fc333ba746fc998e48678f6a8b
2020.01.10 10:14:30 INFO  web[][o.s.s.p.ServerPluginRepository] Deploy plugin SonarXML / 2.0.1.2020 / c5b84004face582d56f110e24c29bf9c6a679e69
2020.01.10 10:14:30 INFO  web[][o.s.s.p.ServerPluginRepository] Deploy plugin Svn / 1.9.0.1295 / 942e075773975354e32691a60bfd968065703e04
2020.01.10 10:14:32 INFO  web[][o.s.s.p.w.MasterServletFilter] Initializing servlet filter org.sonar.server.ws.WebServiceFilter@c043bb8 [pattern=UrlPattern{inclusions=[/api/system/migrate_db.*, ...], exclusions=[/api/properties*, ...]}]
2020.01.10 10:14:32 INFO  web[][o.s.s.a.EmbeddedTomcat] HTTP connector enabled on port 9000
2020.01.10 10:14:34 INFO  web[][o.s.s.p.UpdateCenterClient] Update center: https://update.sonarsource.org/update-center.properties (no proxy)
2020.01.10 10:14:35 INFO  web[][o.s.s.s.LogServerId] Server ID: BF41A1F2-AW4cGxy--yUytj1jc0mO
2020.01.10 10:14:35 WARN  web[][o.s.s.a.LogOAuthWarning] For security reasons, OAuth authentication should use HTTPS. You should set the property 'Administration > Configuration > Server base URL' to a HTTPS URL.
2020.01.10 10:14:35 WARN  web[][o.s.a.s.w.WebService$Action] The response example is not set on action api/plugins/download
2020.01.10 10:14:35 WARN  web[][o.s.a.s.w.WebService$Action] The response example is not set on action api/permissions/search_templates
2020.01.10 10:14:35 INFO  web[][o.s.s.t.TelemetryDaemon] Sharing of SonarQube statistics is enabled.
2020.01.10 10:14:35 INFO  web[][o.s.s.n.NotificationDaemon] Notification service started (delay 60 sec.)
2020.01.10 10:14:35 INFO  web[][o.s.s.s.GeneratePluginIndex] Generate scanner plugin index
2020.01.10 10:14:35 INFO  web[][o.s.s.s.RegisterPlugins] Register plugins
2020.01.10 10:14:35 INFO  web[][o.s.s.s.RegisterMetrics] Register metrics
2020.01.10 10:14:36 INFO  web[][o.s.s.r.RegisterRules] Register rules
2020.01.10 10:14:46 INFO  web[][o.s.s.q.BuiltInQProfileRepositoryImpl] Load quality profiles
2020.01.10 10:14:50 INFO  web[][o.s.s.q.RegisterQualityProfiles] Register quality profiles
2020.01.10 10:14:50 INFO  web[][o.s.s.q.RegisterQualityProfiles] Update profile css/Sonar way
2020.01.10 10:14:50 INFO  web[][o.s.s.q.RegisterQualityProfiles] Update profile scala/Sonar way
2020.01.10 10:14:50 INFO  web[][o.s.s.q.RegisterQualityProfiles] Update profile jsp/Sonar way
2020.01.10 10:14:50 INFO  web[][o.s.s.q.RegisterQualityProfiles] Update profile kotlin/Sonar way
2020.01.10 10:14:50 INFO  web[][o.s.s.q.RegisterQualityProfiles] Update profile go/Sonar way
2020.01.10 10:14:50 INFO  web[][o.s.s.q.RegisterQualityProfiles] Update profile js/Sonar way Recommended
2020.01.10 10:14:51 INFO  web[][o.s.s.q.RegisterQualityProfiles] Update profile js/Sonar way
2020.01.10 10:14:51 INFO  web[][o.s.s.q.RegisterQualityProfiles] Update profile py/Sonar way
2020.01.10 10:14:51 INFO  web[][o.s.s.q.RegisterQualityProfiles] Update profile ruby/Sonar way
2020.01.10 10:14:51 INFO  web[][o.s.s.q.RegisterQualityProfiles] Update profile cs/Sonar way
2020.01.10 10:14:52 INFO  web[][o.s.s.q.RegisterQualityProfiles] Update profile java/Sonar way
2020.01.10 10:14:52 INFO  web[][o.s.s.q.RegisterQualityProfiles] Update profile web/Sonar way
2020.01.10 10:14:52 INFO  web[][o.s.s.q.RegisterQualityProfiles] Update profile flex/Sonar way
2020.01.10 10:14:53 INFO  web[][o.s.s.q.RegisterQualityProfiles] Update profile xml/Sonar way
2020.01.10 10:14:53 INFO  web[][o.s.s.q.RegisterQualityProfiles] Update profile php/Sonar way
2020.01.10 10:14:53 INFO  web[][o.s.s.q.RegisterQualityProfiles] Update profile php/PSR-2
2020.01.10 10:14:53 INFO  web[][o.s.s.q.RegisterQualityProfiles] Update profile php/Drupal
2020.01.10 10:14:53 INFO  web[][o.s.s.q.RegisterQualityProfiles] Update profile vbnet/Sonar way
2020.01.10 10:14:53 INFO  web[][o.s.s.q.RegisterQualityProfiles] Update profile ts/Sonar way
2020.01.10 10:14:53 INFO  web[][o.s.s.q.RegisterQualityProfiles] Update profile ts/Sonar way recommended
2020.01.10 10:14:54 INFO  web[][o.s.s.s.RegisterPermissionTemplates] Register permission templates
2020.01.10 10:14:54 INFO  web[][o.s.s.s.RenameDeprecatedPropertyKeys] Rename deprecated property keys
2020.01.10 10:14:54 INFO  web[][o.s.s.p.w.MasterServletFilter] Initializing servlet filter org.sonar.server.ws.WebServiceFilter@22a74f46 [pattern=UrlPattern{inclusions=[/api/issues/delete_comment.*, ...], exclusions=[/api/properties*, ...]}]
2020.01.10 10:14:54 INFO  web[][o.s.s.p.w.MasterServletFilter] Initializing servlet filter org.sonar.server.ws.DeprecatedPropertiesWsFilter@399fdf2 [pattern=UrlPattern{inclusions=[/api/properties/*], exclusions=[]}]
2020.01.10 10:14:54 INFO  web[][o.s.s.p.w.MasterServletFilter] Initializing servlet filter org.sonar.server.ws.WebServiceReroutingFilter@c433b73 [pattern=UrlPattern{inclusions=[/api/components/bulk_update_key, ...], exclusions=[]}]
2020.01.10 10:14:54 INFO  web[][o.s.s.p.w.MasterServletFilter] Initializing servlet filter org.sonar.server.authentication.InitFilter@76ca4a69 [pattern=UrlPattern{inclusions=[/sessions/init/*], exclusions=[]}]
2020.01.10 10:14:54 INFO  web[][o.s.s.p.w.MasterServletFilter] Initializing servlet filter org.sonar.server.authentication.OAuth2CallbackFilter@609198a4 [pattern=UrlPattern{inclusions=[/oauth2/callback/*], exclusions=[]}]
2020.01.10 10:14:54 INFO  web[][o.s.s.p.w.MasterServletFilter] Initializing servlet filter org.sonar.server.authentication.ws.LoginAction@4dd77185 [pattern=UrlPattern{inclusions=[/api/authentication/login], exclusions=[]}]
2020.01.10 10:14:54 INFO  web[][o.s.s.p.w.MasterServletFilter] Initializing servlet filter org.sonar.server.authentication.ws.LogoutAction@318de8c7 [pattern=UrlPattern{inclusions=[/api/authentication/logout], exclusions=[]}]
2020.01.10 10:14:54 INFO  web[][o.s.s.p.w.MasterServletFilter] Initializing servlet filter org.sonar.server.authentication.ws.ValidateAction@794a46ea [pattern=UrlPattern{inclusions=[/api/authentication/validate], exclusions=[]}]
2020.01.10 10:14:54 INFO  web[][o.s.s.q.ProjectsInWarningDaemon] Counting number of projects in warning is not started as there are no projects in this situation.
2020.01.10 10:14:54 INFO  web[][o.s.s.p.p.PlatformLevelStartup] Running Community Edition
2020.01.10 10:14:54 INFO  web[][o.s.s.p.Platform] WebServer is operational
